<?xml version="1.0" encoding="UTF-8"?>
<!-- Generated by org.testng.reporters.JUnitXMLReporter -->
<testsuite ignored="0" hostname="DESKTOP-ICAQBQ9" failures="1" tests="12" name="Test" time="93.502" errors="0" timestamp="2021-11-20T11:13:05 IST">
  <testcase classname="sevrices.add_service" name="Link" time="3.14"/>
  <testcase classname="sevrices.add_service" name="Login" time="10.463"/>
  <testcase classname="sevrices.add_service" name="Service_User" time="0.128"/>
  <testcase classname="sevrices.add_service" name="Add_Service_User" time="2.578"/>
  <testcase classname="sevrices.add_service" name="Upload_Profile_Photo" time="9.158"/>
  <testcase classname="sevrices.add_service" name="Login_Credentials" time="21.086"/>
  <testcase classname="sevrices.add_service" name="add" time="5.068"/>
  <testcase classname="sevrices.add_service" name="search" time="0.109"/>
  <testcase classname="sevrices.update_services" name="edit" time="0.077"/>
  <testcase classname="sevrices.update_services" name="update" time="15.128"/>
  <testcase classname="sevrices.delete_services" name="delete" time="15.168"/>
  <testcase classname="sevrices.search_compare" name="search_compare" time="5.161">
    <failure type="java.lang.AssertionError" message="expected [Digvijay] but found [Rutu]">
      <![CDATA[java.lang.AssertionError: expected [Digvijay] but found [Rutu]
at sevrices.search_compare.search_compare(search_compare.java:22)
at java.base/java.util.ArrayList.forEach(ArrayList.java:1511)
... Removed 33 stack frames]]>
    </failure>
  </testcase> <!-- search_compare -->
</testsuite> <!-- Test -->
