<?xml version="1.0" encoding="UTF-8"?>
<testng-results ignored="0" total="12" passed="11" failed="1" skipped="0">
  <reporter-output>
  </reporter-output>
  <suite started-at="2021-11-20T11:11:32 IST" name="Suite" finished-at="2021-11-20T11:13:05 IST" duration-ms="93502">
    <groups>
    </groups>
    <test started-at="2021-11-20T11:11:32 IST" name="Test" finished-at="2021-11-20T11:13:05 IST" duration-ms="93502">
      <class name="sevrices.search_compare">
        <test-method is-config="true" signature="intitalisation_drivers()[pri:0, instance:sevrices.search_compare@1fa268de]" started-at="2021-11-20T11:11:32 IST" name="intitalisation_drivers" finished-at="2021-11-20T11:11:38 IST" duration-ms="6150" status="PASS">
          <reporter-output>
          </reporter-output>
        </test-method> <!-- intitalisation_drivers -->
        <test-method signature="Link()[pri:0, instance:sevrices.search_compare@1fa268de]" started-at="2021-11-20T11:11:38 IST" name="Link" finished-at="2021-11-20T11:11:41 IST" duration-ms="3140" status="PASS">
          <reporter-output>
          </reporter-output>
        </test-method> <!-- Link -->
        <test-method signature="Login()[pri:1, instance:sevrices.search_compare@1fa268de]" started-at="2021-11-20T11:11:41 IST" name="Login" finished-at="2021-11-20T11:11:52 IST" duration-ms="10463" status="PASS">
          <reporter-output>
          </reporter-output>
        </test-method> <!-- Login -->
        <test-method signature="Service_User()[pri:2, instance:sevrices.search_compare@1fa268de]" started-at="2021-11-20T11:11:52 IST" name="Service_User" finished-at="2021-11-20T11:11:52 IST" duration-ms="128" status="PASS">
          <reporter-output>
          </reporter-output>
        </test-method> <!-- Service_User -->
        <test-method signature="Add_Service_User()[pri:3, instance:sevrices.search_compare@1fa268de]" started-at="2021-11-20T11:11:52 IST" name="Add_Service_User" finished-at="2021-11-20T11:11:55 IST" duration-ms="2578" status="PASS">
          <reporter-output>
          </reporter-output>
        </test-method> <!-- Add_Service_User -->
        <test-method signature="Upload_Profile_Photo()[pri:4, instance:sevrices.search_compare@1fa268de]" started-at="2021-11-20T11:11:55 IST" name="Upload_Profile_Photo" finished-at="2021-11-20T11:12:04 IST" duration-ms="9158" status="PASS">
          <reporter-output>
          </reporter-output>
        </test-method> <!-- Upload_Profile_Photo -->
        <test-method signature="Login_Credentials()[pri:5, instance:sevrices.search_compare@1fa268de]" started-at="2021-11-20T11:12:04 IST" name="Login_Credentials" finished-at="2021-11-20T11:12:25 IST" duration-ms="21086" status="PASS">
          <reporter-output>
          </reporter-output>
        </test-method> <!-- Login_Credentials -->
        <test-method signature="add()[pri:6, instance:sevrices.search_compare@1fa268de]" started-at="2021-11-20T11:12:25 IST" name="add" finished-at="2021-11-20T11:12:30 IST" duration-ms="5068" status="PASS">
          <reporter-output>
          </reporter-output>
        </test-method> <!-- add -->
        <test-method signature="search()[pri:7, instance:sevrices.search_compare@1fa268de]" started-at="2021-11-20T11:12:30 IST" name="search" finished-at="2021-11-20T11:12:30 IST" depends-on-methods="sevrices.add_service.add" duration-ms="109" status="PASS">
          <reporter-output>
          </reporter-output>
        </test-method> <!-- search -->
        <test-method signature="edit()[pri:8, instance:sevrices.search_compare@1fa268de]" started-at="2021-11-20T11:12:30 IST" name="edit" finished-at="2021-11-20T11:12:30 IST" depends-on-methods="sevrices.add_service.search" duration-ms="77" status="PASS">
          <reporter-output>
          </reporter-output>
        </test-method> <!-- edit -->
        <test-method signature="update()[pri:9, instance:sevrices.search_compare@1fa268de]" started-at="2021-11-20T11:12:30 IST" name="update" finished-at="2021-11-20T11:12:45 IST" duration-ms="15128" status="PASS">
          <reporter-output>
          </reporter-output>
        </test-method> <!-- update -->
        <test-method signature="delete()[pri:10, instance:sevrices.search_compare@1fa268de]" started-at="2021-11-20T11:12:45 IST" name="delete" finished-at="2021-11-20T11:13:00 IST" duration-ms="15168" status="PASS">
          <reporter-output>
          </reporter-output>
        </test-method> <!-- delete -->
        <test-method signature="search_compare()[pri:11, instance:sevrices.search_compare@1fa268de]" started-at="2021-11-20T11:13:00 IST" name="search_compare" finished-at="2021-11-20T11:13:05 IST" duration-ms="5161" status="FAIL">
          <exception class="java.lang.AssertionError">
            <message>
              <![CDATA[expected [Digvijay] but found [Rutu]]]>
            </message>
            <full-stacktrace>
              <![CDATA[java.lang.AssertionError: expected [Digvijay] but found [Rutu]
at org.testng.Assert.fail(Assert.java:99)
at org.testng.Assert.failNotEquals(Assert.java:1037)
at org.testng.Assert.assertEqualsImpl(Assert.java:140)
at org.testng.Assert.assertEquals(Assert.java:122)
at org.testng.Assert.assertEquals(Assert.java:629)
at org.testng.Assert.assertEquals(Assert.java:639)
at sevrices.search_compare.search_compare(search_compare.java:22)
at java.base/jdk.internal.reflect.NativeMethodAccessorImpl.invoke0(Native Method)
at java.base/jdk.internal.reflect.NativeMethodAccessorImpl.invoke(NativeMethodAccessorImpl.java:64)
at java.base/jdk.internal.reflect.DelegatingMethodAccessorImpl.invoke(DelegatingMethodAccessorImpl.java:43)
at java.base/java.lang.reflect.Method.invoke(Method.java:564)
at org.testng.internal.MethodInvocationHelper.invokeMethod(MethodInvocationHelper.java:133)
at org.testng.internal.TestInvoker.invokeMethod(TestInvoker.java:598)
at org.testng.internal.TestInvoker.invokeTestMethod(TestInvoker.java:173)
at org.testng.internal.MethodRunner.runInSequence(MethodRunner.java:46)
at org.testng.internal.TestInvoker$MethodInvocationAgent.invoke(TestInvoker.java:824)
at org.testng.internal.TestInvoker.invokeTestMethods(TestInvoker.java:146)
at org.testng.internal.TestMethodWorker.invokeTestMethods(TestMethodWorker.java:146)
at org.testng.internal.TestMethodWorker.run(TestMethodWorker.java:128)
at java.base/java.util.ArrayList.forEach(ArrayList.java:1511)
at org.testng.TestRunner.privateRun(TestRunner.java:794)
at org.testng.TestRunner.run(TestRunner.java:596)
at org.testng.SuiteRunner.runTest(SuiteRunner.java:377)
at org.testng.SuiteRunner.runSequentially(SuiteRunner.java:371)
at org.testng.SuiteRunner.privateRun(SuiteRunner.java:332)
at org.testng.SuiteRunner.run(SuiteRunner.java:276)
at org.testng.SuiteRunnerWorker.runSuite(SuiteRunnerWorker.java:53)
at org.testng.SuiteRunnerWorker.run(SuiteRunnerWorker.java:96)
at org.testng.TestNG.runSuitesSequentially(TestNG.java:1212)
at org.testng.TestNG.runSuitesLocally(TestNG.java:1134)
at org.testng.TestNG.runSuites(TestNG.java:1063)
at org.testng.TestNG.run(TestNG.java:1031)
at org.testng.remote.AbstractRemoteTestNG.run(AbstractRemoteTestNG.java:115)
at org.testng.remote.RemoteTestNG.initAndRun(RemoteTestNG.java:251)
at org.testng.remote.RemoteTestNG.main(RemoteTestNG.java:77)
]]>
            </full-stacktrace>
          </exception> <!-- java.lang.AssertionError -->
          <reporter-output>
          </reporter-output>
        </test-method> <!-- search_compare -->
      </class> <!-- sevrices.search_compare -->
    </test> <!-- Test -->
  </suite> <!-- Suite -->
</testng-results>
