<?xml version="1.0" encoding="UTF-8"?>
<!-- Generated by org.testng.reporters.JUnitReportReporter -->
<testsuite hostname="DESKTOP-ICAQBQ9" failures="1" tests="12" name="sevrices.search_compare" time="87.264" errors="0" timestamp="2021-11-20T11:13:06 IST" skipped="0">
  <testcase classname="sevrices.search_compare" name="Link" time="3.140"/>
  <system-out/>
  <testcase classname="sevrices.search_compare" name="Login" time="10.463"/>
  <system-out/>
  <testcase classname="sevrices.search_compare" name="Service_User" time="0.128"/>
  <system-out/>
  <testcase classname="sevrices.search_compare" name="Add_Service_User" time="2.578"/>
  <system-out/>
  <testcase classname="sevrices.search_compare" name="Upload_Profile_Photo" time="9.158"/>
  <system-out/>
  <testcase classname="sevrices.search_compare" name="Login_Credentials" time="21.086"/>
  <system-out/>
  <testcase classname="sevrices.search_compare" name="add" time="5.068"/>
  <system-out/>
  <testcase classname="sevrices.search_compare" name="search" time="0.109"/>
  <system-out/>
  <testcase classname="sevrices.search_compare" name="edit" time="0.077"/>
  <system-out/>
  <testcase classname="sevrices.search_compare" name="update" time="15.128"/>
  <system-out/>
  <testcase classname="sevrices.search_compare" name="delete" time="15.168"/>
  <system-out/>
  <testcase classname="sevrices.search_compare" name="search_compare" time="5.161">
    <failure message="expected [Digvijay] but found [Rutu]" type="java.lang.AssertionError">
      <![CDATA[java.lang.AssertionError: expected [Digvijay] but found [Rutu]
at org.testng.Assert.fail(Assert.java:99)
at org.testng.Assert.failNotEquals(Assert.java:1037)
at org.testng.Assert.assertEqualsImpl(Assert.java:140)
at org.testng.Assert.assertEquals(Assert.java:122)
at org.testng.Assert.assertEquals(Assert.java:629)
at org.testng.Assert.assertEquals(Assert.java:639)
at sevrices.search_compare.search_compare(search_compare.java:22)
at java.base/jdk.internal.reflect.NativeMethodAccessorImpl.invoke0(Native Method)
at java.base/jdk.internal.reflect.NativeMethodAccessorImpl.invoke(NativeMethodAccessorImpl.java:64)
at java.base/jdk.internal.reflect.DelegatingMethodAccessorImpl.invoke(DelegatingMethodAccessorImpl.java:43)
at java.base/java.lang.reflect.Method.invoke(Method.java:564)
at org.testng.internal.MethodInvocationHelper.invokeMethod(MethodInvocationHelper.java:133)
at org.testng.internal.TestInvoker.invokeMethod(TestInvoker.java:598)
at org.testng.internal.TestInvoker.invokeTestMethod(TestInvoker.java:173)
at org.testng.internal.MethodRunner.runInSequence(MethodRunner.java:46)
at org.testng.internal.TestInvoker$MethodInvocationAgent.invoke(TestInvoker.java:824)
at org.testng.internal.TestInvoker.invokeTestMethods(TestInvoker.java:146)
at org.testng.internal.TestMethodWorker.invokeTestMethods(TestMethodWorker.java:146)
at org.testng.internal.TestMethodWorker.run(TestMethodWorker.java:128)
at java.base/java.util.ArrayList.forEach(ArrayList.java:1511)
at org.testng.TestRunner.privateRun(TestRunner.java:794)
at org.testng.TestRunner.run(TestRunner.java:596)
at org.testng.SuiteRunner.runTest(SuiteRunner.java:377)
at org.testng.SuiteRunner.runSequentially(SuiteRunner.java:371)
at org.testng.SuiteRunner.privateRun(SuiteRunner.java:332)
at org.testng.SuiteRunner.run(SuiteRunner.java:276)
at org.testng.SuiteRunnerWorker.runSuite(SuiteRunnerWorker.java:53)
at org.testng.SuiteRunnerWorker.run(SuiteRunnerWorker.java:96)
at org.testng.TestNG.runSuitesSequentially(TestNG.java:1212)
at org.testng.TestNG.runSuitesLocally(TestNG.java:1134)
at org.testng.TestNG.runSuites(TestNG.java:1063)
at org.testng.TestNG.run(TestNG.java:1031)
at org.testng.remote.AbstractRemoteTestNG.run(AbstractRemoteTestNG.java:115)
at org.testng.remote.RemoteTestNG.initAndRun(RemoteTestNG.java:251)
at org.testng.remote.RemoteTestNG.main(RemoteTestNG.java:77)
]]>
    </failure>
  </testcase> <!-- search_compare -->
  <system-out/>
</testsuite> <!-- sevrices.search_compare -->
